0 info it worked if it ends with ok
1 verbose cli [ '/usr/local/bin/node', '/usr/local/bin/npm', 'publish' ]
2 info using npm@2.14.3
3 info using node@v4.1.0
4 verbose publish [ '.' ]
5 silly cache add args [ '.', null ]
6 verbose cache add spec .
7 silly cache add parsed spec Result {
7 silly cache add   raw: '.',
7 silly cache add   scope: null,
7 silly cache add   name: null,
7 silly cache add   rawSpec: '.',
7 silly cache add   spec: '/Users/RyanHatfield/Development/Projects/Hackathon/Source/GIStoGeoJSON',
7 silly cache add   type: 'directory' }
8 verbose addLocalDirectory /Users/RyanHatfield/.npm/arcgis-to-geojson/1.0.1/package.tgz not in flight; packing
9 verbose tar pack [ '/Users/RyanHatfield/.npm/arcgis-to-geojson/1.0.1/package.tgz',
9 verbose tar pack   '/Users/RyanHatfield/Development/Projects/Hackathon/Source/GIStoGeoJSON' ]
10 verbose tarball /Users/RyanHatfield/.npm/arcgis-to-geojson/1.0.1/package.tgz
11 verbose folder /Users/RyanHatfield/Development/Projects/Hackathon/Source/GIStoGeoJSON
12 info prepublish arcgis-to-geojson@1.0.1
13 verbose addLocalTarball adding from inside cache /Users/RyanHatfield/.npm/arcgis-to-geojson/1.0.1/package.tgz
14 silly cache afterAdd arcgis-to-geojson@1.0.1
15 verbose afterAdd /Users/RyanHatfield/.npm/arcgis-to-geojson/1.0.1/package/package.json not in flight; writing
16 verbose afterAdd /Users/RyanHatfield/.npm/arcgis-to-geojson/1.0.1/package/package.json written
17 silly publish { name: 'arcgis-to-geojson',
17 silly publish   version: '1.0.1',
17 silly publish   description: 'Download and convert an ArcGIS REST services endpoint to GeoJSON files',
17 silly publish   bin: { arcGisToGeoJSON: './arcgis-to-geojson.sh' },
17 silly publish   repository:
17 silly publish    { type: 'git',
17 silly publish      url: 'git+https://github.com/ryanhatfield/arcgis-to-geojson.git' },
17 silly publish   keywords: [ 'GIS', 'KML', 'GeoJSON', 'Civic', 'Data', 'ArcGIS' ],
17 silly publish   author: { name: 'Ryan Hatfield' },
17 silly publish   license: 'MIT',
17 silly publish   bugs: { url: 'https://github.com/ryanhatfield/arcgis-to-geojson/issues' },
17 silly publish   homepage: 'https://github.com/ryanhatfield/arcgis-to-geojson#readme',
17 silly publish   dependencies: { 'JSON.sh': '^0.1.9', togeojson: '^0.13.0' },
17 silly publish   readme: '# Convert ArcGIS service endpoints to GeoJSON files\n\n## Installation\n\nAssuming you have Node.js installed, you can install with NPM\n\n```npm install -g arcgis-to-geojson```\n\n## Usage\n\n```arcGisToJSON http://gis.cityoffargo.com/arcgis/rest/services```\n\nRunning the above command will result in the following folder structure:\n\n   ./services/{folder name}/{service name}/google.kmz (zip file)\n   ./services/{folder name}/{service name}/google.kml (google shape file)\n   ./services/{folder name}/{service name}/shapefile.geojson (open format GeoJSON file)\n\n## License\n\n[MIT](https://github.com/RyanHatfield/arcgis-to-geojson/master/LICENSE.md)\n',
17 silly publish   readmeFilename: 'README.md',
17 silly publish   gitHead: '686f08f7c0b4417053ac148213c107d96e37b9c5',
17 silly publish   _id: 'arcgis-to-geojson@1.0.1',
17 silly publish   scripts: {},
17 silly publish   _shasum: 'b6bf699c65e9b8b324a9599d1b84321b06761c9c',
17 silly publish   _from: '.' }
18 verbose getPublishConfig undefined
19 silly mapToRegistry name arcgis-to-geojson
20 silly mapToRegistry using default registry
21 silly mapToRegistry registry https://registry.npmjs.org/
22 silly mapToRegistry uri https://registry.npmjs.org/arcgis-to-geojson
23 verbose publish registryBase https://registry.npmjs.org/
24 silly publish uploading /Users/RyanHatfield/.npm/arcgis-to-geojson/1.0.1/package.tgz
25 verbose request uri https://registry.npmjs.org/arcgis-to-geojson
26 verbose request sending authorization for write operation
27 info attempt registry request try #1 at 11:39:49 AM
28 verbose request using bearer token for auth
29 verbose request id ee0b0143fdc9acd9
30 http request PUT https://registry.npmjs.org/arcgis-to-geojson
31 http 403 https://registry.npmjs.org/arcgis-to-geojson
32 verbose headers { 'content-type': 'application/json',
32 verbose headers   'cache-control': 'max-age=60',
32 verbose headers   'content-length': '95',
32 verbose headers   'accept-ranges': 'bytes',
32 verbose headers   date: 'Fri, 18 Sep 2015 16:39:50 GMT',
32 verbose headers   via: '1.1 varnish',
32 verbose headers   connection: 'keep-alive',
32 verbose headers   'x-served-by': 'cache-ord1720-ORD',
32 verbose headers   'x-cache': 'MISS',
32 verbose headers   'x-cache-hits': '0',
32 verbose headers   'x-timer': 'S1442594389.993855,VS0,VE759' }
33 verbose request invalidating /Users/RyanHatfield/.npm/registry.npmjs.org/arcgis-to-geojson on PUT
34 error publish Failed PUT 403
35 verbose stack Error: "You cannot publish over the previously published version 1.0.1." : arcgis-to-geojson
35 verbose stack     at makeError (/usr/local/lib/node_modules/npm/node_modules/npm-registry-client/lib/request.js:263:12)
35 verbose stack     at CachingRegistryClient.<anonymous> (/usr/local/lib/node_modules/npm/node_modules/npm-registry-client/lib/request.js:251:14)
35 verbose stack     at Request._callback (/usr/local/lib/node_modules/npm/node_modules/npm-registry-client/lib/request.js:171:14)
35 verbose stack     at Request.self.callback (/usr/local/lib/node_modules/npm/node_modules/request/request.js:198:22)
35 verbose stack     at emitTwo (events.js:87:13)
35 verbose stack     at Request.emit (events.js:172:7)
35 verbose stack     at Request.<anonymous> (/usr/local/lib/node_modules/npm/node_modules/request/request.js:1073:14)
35 verbose stack     at emitOne (events.js:82:20)
35 verbose stack     at Request.emit (events.js:169:7)
35 verbose stack     at IncomingMessage.<anonymous> (/usr/local/lib/node_modules/npm/node_modules/request/request.js:1019:12)
36 verbose statusCode 403
37 verbose pkgid arcgis-to-geojson
38 verbose cwd /Users/RyanHatfield/Development/Projects/Hackathon/Source/GIStoGeoJSON
39 error Darwin 14.5.0
40 error argv "/usr/local/bin/node" "/usr/local/bin/npm" "publish"
41 error node v4.1.0
42 error npm  v2.14.3
43 error code E403
44 error "You cannot publish over the previously published version 1.0.1." : arcgis-to-geojson
45 error If you need help, you may report this error at:
45 error     <https://github.com/npm/npm/issues>
46 verbose exit [ 1, true ]
